10:35:22 INFO  : Registering command handlers for SDK TCF services
10:35:25 INFO  : Launching XSCT server: xsct.bat -interactive E:\zynq_pl_acc\zynq_pl_acc_demo\zynq_pl_acc_demo.sdk\temp_xsdb_launch_script.tcl
10:35:36 INFO  : XSCT server has started successfully.
10:35:37 INFO  : Successfully done setting XSCT server connection channel  
10:35:37 INFO  : Successfully done setting SDK workspace  
10:35:37 INFO  : Processing command line option -hwspec E:/zynq_pl_acc/zynq_pl_acc_demo/zynq_pl_acc_demo.sdk/system_wrapper.hdf.
10:41:02 INFO  : Connected to target on host '127.0.0.1' and port '3121'.
10:41:03 INFO  : Jtag cable 'Digilent JTAG-HS1 210249857699' is selected.
10:41:03 INFO  : 'jtag frequency' command is executed.
10:41:03 INFO  : Sourcing of 'E:/zynq_pl_acc/zynq_pl_acc_demo/zynq_pl_acc_demo.sdk/system_wrapper_hw_platform_0/ps7_init.tcl' is done.
10:41:03 INFO  : Context for 'APU' is selected.
10:41:03 INFO  : System reset is completed.
10:41:06 INFO  : 'after 3000' command is executed.
10:41:07 INFO  : 'targets -set -filter {jtag_cable_name =~ "Digilent JTAG-HS1 210249857699" && level==0} -index 1' command is executed.
10:41:18 INFO  : FPGA configured successfully with bitstream "E:/zynq_pl_acc/zynq_pl_acc_demo/zynq_pl_acc_demo.sdk/system_wrapper_hw_platform_0/system_wrapper.bit"
10:41:18 INFO  : Context for 'APU' is selected.
10:41:18 INFO  : Hardware design information is loaded from 'E:/zynq_pl_acc/zynq_pl_acc_demo/zynq_pl_acc_demo.sdk/system_wrapper_hw_platform_0/system.hdf'.
10:41:18 INFO  : 'configparams force-mem-access 1' command is executed.
10:41:18 INFO  : Context for 'APU' is selected.
10:41:19 INFO  : 'ps7_init' command is executed.
10:41:19 INFO  : 'ps7_post_config' command is executed.
10:41:19 INFO  : Context for processor 'ps7_cortexa9_0' is selected.
10:41:19 INFO  : The application 'E:/zynq_pl_acc/zynq_pl_acc_demo/zynq_pl_acc_demo.sdk/test/Debug/test.elf' is downloaded to processor 'ps7_cortexa9_0'.
10:41:19 INFO  : 'configparams force-mem-access 0' command is executed.
10:41:19 INFO  : ----------------XSDB Script----------------
connect -url tcp:127.0.0.1:3121
source E:/zynq_pl_acc/zynq_pl_acc_demo/zynq_pl_acc_demo.sdk/system_wrapper_hw_platform_0/ps7_init.tcl
targets -set -nocase -filter {name =~"APU*" && jtag_cable_name =~ "Digilent JTAG-HS1 210249857699"} -index 0
rst -system
after 3000
targets -set -filter {jtag_cable_name =~ "Digilent JTAG-HS1 210249857699" && level==0} -index 1
fpga -file E:/zynq_pl_acc/zynq_pl_acc_demo/zynq_pl_acc_demo.sdk/system_wrapper_hw_platform_0/system_wrapper.bit
targets -set -nocase -filter {name =~"APU*" && jtag_cable_name =~ "Digilent JTAG-HS1 210249857699"} -index 0
loadhw -hw E:/zynq_pl_acc/zynq_pl_acc_demo/zynq_pl_acc_demo.sdk/system_wrapper_hw_platform_0/system.hdf -mem-ranges [list {0x40000000 0xbfffffff}]
configparams force-mem-access 1
targets -set -nocase -filter {name =~"APU*" && jtag_cable_name =~ "Digilent JTAG-HS1 210249857699"} -index 0
ps7_init
ps7_post_config
targets -set -nocase -filter {name =~ "ARM*#0" && jtag_cable_name =~ "Digilent JTAG-HS1 210249857699"} -index 0
dow E:/zynq_pl_acc/zynq_pl_acc_demo/zynq_pl_acc_demo.sdk/test/Debug/test.elf
configparams force-mem-access 0
----------------End of Script----------------

10:41:19 INFO  : Memory regions updated for context APU
10:41:20 INFO  : Context for processor 'ps7_cortexa9_0' is selected.
10:41:20 INFO  : 'con' command is executed.
10:41:20 INFO  : ----------------XSDB Script (After Launch)----------------
targets -set -nocase -filter {name =~ "ARM*#0" && jtag_cable_name =~ "Digilent JTAG-HS1 210249857699"} -index 0
con
----------------End of Script----------------

10:41:20 INFO  : Launch script is exported to file 'E:\zynq_pl_acc\zynq_pl_acc_demo\zynq_pl_acc_demo.sdk\.sdk\launch_scripts\xilinx_c-c++_application_(system_debugger)\system_debugger_using_debug_test.elf_on_local.tcl'
10:45:36 INFO  : Disconnected from the channel tcfchan#1.
10:45:37 INFO  : Connected to target on host '127.0.0.1' and port '3121'.
10:45:37 INFO  : Jtag cable 'Digilent JTAG-HS1 210249857699' is selected.
10:45:37 INFO  : 'jtag frequency' command is executed.
10:45:37 INFO  : Sourcing of 'E:/zynq_pl_acc/zynq_pl_acc_demo/zynq_pl_acc_demo.sdk/system_wrapper_hw_platform_0/ps7_init.tcl' is done.
10:45:37 INFO  : Context for 'APU' is selected.
10:45:37 INFO  : System reset is completed.
10:45:40 INFO  : 'after 3000' command is executed.
10:45:40 INFO  : 'targets -set -filter {jtag_cable_name =~ "Digilent JTAG-HS1 210249857699" && level==0} -index 1' command is executed.
10:45:52 INFO  : FPGA configured successfully with bitstream "E:/zynq_pl_acc/zynq_pl_acc_demo/zynq_pl_acc_demo.sdk/system_wrapper_hw_platform_0/system_wrapper.bit"
10:45:52 INFO  : Context for 'APU' is selected.
10:45:56 INFO  : Hardware design information is loaded from 'E:/zynq_pl_acc/zynq_pl_acc_demo/zynq_pl_acc_demo.sdk/system_wrapper_hw_platform_0/system.hdf'.
10:45:56 INFO  : 'configparams force-mem-access 1' command is executed.
10:45:56 INFO  : Context for 'APU' is selected.
10:45:56 INFO  : 'ps7_init' command is executed.
10:45:56 INFO  : 'ps7_post_config' command is executed.
10:45:56 INFO  : Context for processor 'ps7_cortexa9_0' is selected.
10:45:56 INFO  : The application 'E:/zynq_pl_acc/zynq_pl_acc_demo/zynq_pl_acc_demo.sdk/test/Debug/test.elf' is downloaded to processor 'ps7_cortexa9_0'.
10:45:56 INFO  : 'configparams force-mem-access 0' command is executed.
10:45:56 INFO  : ----------------XSDB Script----------------
connect -url tcp:127.0.0.1:3121
source E:/zynq_pl_acc/zynq_pl_acc_demo/zynq_pl_acc_demo.sdk/system_wrapper_hw_platform_0/ps7_init.tcl
targets -set -nocase -filter {name =~"APU*" && jtag_cable_name =~ "Digilent JTAG-HS1 210249857699"} -index 0
rst -system
after 3000
targets -set -filter {jtag_cable_name =~ "Digilent JTAG-HS1 210249857699" && level==0} -index 1
fpga -file E:/zynq_pl_acc/zynq_pl_acc_demo/zynq_pl_acc_demo.sdk/system_wrapper_hw_platform_0/system_wrapper.bit
targets -set -nocase -filter {name =~"APU*" && jtag_cable_name =~ "Digilent JTAG-HS1 210249857699"} -index 0
loadhw -hw E:/zynq_pl_acc/zynq_pl_acc_demo/zynq_pl_acc_demo.sdk/system_wrapper_hw_platform_0/system.hdf -mem-ranges [list {0x40000000 0xbfffffff}]
configparams force-mem-access 1
targets -set -nocase -filter {name =~"APU*" && jtag_cable_name =~ "Digilent JTAG-HS1 210249857699"} -index 0
ps7_init
ps7_post_config
targets -set -nocase -filter {name =~ "ARM*#0" && jtag_cable_name =~ "Digilent JTAG-HS1 210249857699"} -index 0
dow E:/zynq_pl_acc/zynq_pl_acc_demo/zynq_pl_acc_demo.sdk/test/Debug/test.elf
configparams force-mem-access 0
----------------End of Script----------------

10:45:56 INFO  : Memory regions updated for context APU
10:45:57 INFO  : Context for processor 'ps7_cortexa9_0' is selected.
10:45:57 INFO  : 'con' command is executed.
10:45:57 INFO  : ----------------XSDB Script (After Launch)----------------
targets -set -nocase -filter {name =~ "ARM*#0" && jtag_cable_name =~ "Digilent JTAG-HS1 210249857699"} -index 0
con
----------------End of Script----------------

10:45:57 INFO  : Launch script is exported to file 'E:\zynq_pl_acc\zynq_pl_acc_demo\zynq_pl_acc_demo.sdk\.sdk\launch_scripts\xilinx_c-c++_application_(system_debugger)\system_debugger_using_debug_test.elf_on_local.tcl'
10:47:58 INFO  : Disconnected from the channel tcfchan#2.
10:47:59 INFO  : Connected to target on host '127.0.0.1' and port '3121'.
10:47:59 INFO  : Jtag cable 'Digilent JTAG-HS1 210249857699' is selected.
10:47:59 INFO  : 'jtag frequency' command is executed.
10:47:59 INFO  : Sourcing of 'E:/zynq_pl_acc/zynq_pl_acc_demo/zynq_pl_acc_demo.sdk/system_wrapper_hw_platform_0/ps7_init.tcl' is done.
10:47:59 INFO  : Context for 'APU' is selected.
10:47:59 INFO  : System reset is completed.
10:48:02 INFO  : 'after 3000' command is executed.
10:48:02 INFO  : 'targets -set -filter {jtag_cable_name =~ "Digilent JTAG-HS1 210249857699" && level==0} -index 1' command is executed.
10:48:14 INFO  : FPGA configured successfully with bitstream "E:/zynq_pl_acc/zynq_pl_acc_demo/zynq_pl_acc_demo.sdk/system_wrapper_hw_platform_0/system_wrapper.bit"
10:48:14 INFO  : Context for 'APU' is selected.
10:48:17 INFO  : Hardware design information is loaded from 'E:/zynq_pl_acc/zynq_pl_acc_demo/zynq_pl_acc_demo.sdk/system_wrapper_hw_platform_0/system.hdf'.
10:48:17 INFO  : 'configparams force-mem-access 1' command is executed.
10:48:18 INFO  : Context for 'APU' is selected.
10:48:18 INFO  : 'ps7_init' command is executed.
10:48:18 INFO  : 'ps7_post_config' command is executed.
10:48:18 INFO  : Context for processor 'ps7_cortexa9_0' is selected.
10:48:18 INFO  : The application 'E:/zynq_pl_acc/zynq_pl_acc_demo/zynq_pl_acc_demo.sdk/test/Debug/test.elf' is downloaded to processor 'ps7_cortexa9_0'.
10:48:18 INFO  : 'configparams force-mem-access 0' command is executed.
10:48:18 INFO  : ----------------XSDB Script----------------
connect -url tcp:127.0.0.1:3121
source E:/zynq_pl_acc/zynq_pl_acc_demo/zynq_pl_acc_demo.sdk/system_wrapper_hw_platform_0/ps7_init.tcl
targets -set -nocase -filter {name =~"APU*" && jtag_cable_name =~ "Digilent JTAG-HS1 210249857699"} -index 0
rst -system
after 3000
targets -set -filter {jtag_cable_name =~ "Digilent JTAG-HS1 210249857699" && level==0} -index 1
fpga -file E:/zynq_pl_acc/zynq_pl_acc_demo/zynq_pl_acc_demo.sdk/system_wrapper_hw_platform_0/system_wrapper.bit
targets -set -nocase -filter {name =~"APU*" && jtag_cable_name =~ "Digilent JTAG-HS1 210249857699"} -index 0
loadhw -hw E:/zynq_pl_acc/zynq_pl_acc_demo/zynq_pl_acc_demo.sdk/system_wrapper_hw_platform_0/system.hdf -mem-ranges [list {0x40000000 0xbfffffff}]
configparams force-mem-access 1
targets -set -nocase -filter {name =~"APU*" && jtag_cable_name =~ "Digilent JTAG-HS1 210249857699"} -index 0
ps7_init
ps7_post_config
targets -set -nocase -filter {name =~ "ARM*#0" && jtag_cable_name =~ "Digilent JTAG-HS1 210249857699"} -index 0
dow E:/zynq_pl_acc/zynq_pl_acc_demo/zynq_pl_acc_demo.sdk/test/Debug/test.elf
configparams force-mem-access 0
----------------End of Script----------------

10:48:18 INFO  : Memory regions updated for context APU
10:48:18 INFO  : Context for processor 'ps7_cortexa9_0' is selected.
10:48:18 INFO  : 'con' command is executed.
10:48:18 INFO  : ----------------XSDB Script (After Launch)----------------
targets -set -nocase -filter {name =~ "ARM*#0" && jtag_cable_name =~ "Digilent JTAG-HS1 210249857699"} -index 0
con
----------------End of Script----------------

10:48:18 INFO  : Launch script is exported to file 'E:\zynq_pl_acc\zynq_pl_acc_demo\zynq_pl_acc_demo.sdk\.sdk\launch_scripts\xilinx_c-c++_application_(system_debugger)\system_debugger_using_debug_test.elf_on_local.tcl'
10:50:01 INFO  : Disconnected from the channel tcfchan#3.
23:55:50 INFO  : Registering command handlers for SDK TCF services
23:55:52 INFO  : Launching XSCT server: xsct.bat -interactive E:\github_repo\ZYNQ_PLPS_LOOP\vivado_project\zynq_pl_acc_demo\zynq_pl_acc_demo.sdk\temp_xsdb_launch_script.tcl
23:55:59 INFO  : XSCT server has started successfully.
23:55:59 INFO  : Successfully done setting XSCT server connection channel  
23:56:11 INFO  : Successfully done setting SDK workspace  
23:56:11 INFO  : Processing command line option -hwspec E:/github_repo/ZYNQ_PLPS_LOOP/vivado_project/zynq_pl_acc_demo/zynq_pl_acc_demo.sdk/system_wrapper.hdf.
00:40:28 INFO  : Connected to target on host '127.0.0.1' and port '3121'.
00:40:29 INFO  : Jtag cable 'Digilent JTAG-HS1 210249857699' is selected.
00:40:29 INFO  : 'jtag frequency' command is executed.
00:40:30 INFO  : Sourcing of 'E:/github_repo/ZYNQ_PLPS_LOOP/vivado_project/zynq_pl_acc_demo/zynq_pl_acc_demo.sdk/system_wrapper_hw_platform_0/ps7_init.tcl' is done.
00:40:30 INFO  : Context for 'APU' is selected.
00:40:30 INFO  : System reset is completed.
00:40:33 INFO  : 'after 3000' command is executed.
00:40:33 INFO  : 'targets -set -filter {jtag_cable_name =~ "Digilent JTAG-HS1 210249857699" && level==0} -index 1' command is executed.
00:40:44 INFO  : FPGA configured successfully with bitstream "E:/github_repo/ZYNQ_PLPS_LOOP/vivado_project/zynq_pl_acc_demo/zynq_pl_acc_demo.sdk/system_wrapper_hw_platform_0/system_wrapper.bit"
00:40:45 INFO  : Context for 'APU' is selected.
00:40:45 INFO  : Hardware design information is loaded from 'E:/github_repo/ZYNQ_PLPS_LOOP/vivado_project/zynq_pl_acc_demo/zynq_pl_acc_demo.sdk/system_wrapper_hw_platform_0/system.hdf'.
00:40:45 INFO  : 'configparams force-mem-access 1' command is executed.
00:40:45 INFO  : Context for 'APU' is selected.
00:40:45 INFO  : 'ps7_init' command is executed.
00:40:45 INFO  : 'ps7_post_config' command is executed.
00:40:45 INFO  : Context for processor 'ps7_cortexa9_0' is selected.
00:40:45 INFO  : The application 'E:/github_repo/ZYNQ_PLPS_LOOP/vivado_project/zynq_pl_acc_demo/zynq_pl_acc_demo.sdk/test/Debug/test.elf' is downloaded to processor 'ps7_cortexa9_0'.
00:40:45 INFO  : 'configparams force-mem-access 0' command is executed.
00:40:45 INFO  : ----------------XSDB Script----------------
connect -url tcp:127.0.0.1:3121
source E:/github_repo/ZYNQ_PLPS_LOOP/vivado_project/zynq_pl_acc_demo/zynq_pl_acc_demo.sdk/system_wrapper_hw_platform_0/ps7_init.tcl
targets -set -nocase -filter {name =~"APU*" && jtag_cable_name =~ "Digilent JTAG-HS1 210249857699"} -index 0
rst -system
after 3000
targets -set -filter {jtag_cable_name =~ "Digilent JTAG-HS1 210249857699" && level==0} -index 1
fpga -file E:/github_repo/ZYNQ_PLPS_LOOP/vivado_project/zynq_pl_acc_demo/zynq_pl_acc_demo.sdk/system_wrapper_hw_platform_0/system_wrapper.bit
targets -set -nocase -filter {name =~"APU*" && jtag_cable_name =~ "Digilent JTAG-HS1 210249857699"} -index 0
loadhw -hw E:/github_repo/ZYNQ_PLPS_LOOP/vivado_project/zynq_pl_acc_demo/zynq_pl_acc_demo.sdk/system_wrapper_hw_platform_0/system.hdf -mem-ranges [list {0x40000000 0xbfffffff}]
configparams force-mem-access 1
targets -set -nocase -filter {name =~"APU*" && jtag_cable_name =~ "Digilent JTAG-HS1 210249857699"} -index 0
ps7_init
ps7_post_config
targets -set -nocase -filter {name =~ "ARM*#0" && jtag_cable_name =~ "Digilent JTAG-HS1 210249857699"} -index 0
dow E:/github_repo/ZYNQ_PLPS_LOOP/vivado_project/zynq_pl_acc_demo/zynq_pl_acc_demo.sdk/test/Debug/test.elf
configparams force-mem-access 0
----------------End of Script----------------

00:40:45 INFO  : Memory regions updated for context APU
00:40:46 INFO  : Context for processor 'ps7_cortexa9_0' is selected.
00:40:46 INFO  : 'con' command is executed.
00:40:46 INFO  : ----------------XSDB Script (After Launch)----------------
targets -set -nocase -filter {name =~ "ARM*#0" && jtag_cable_name =~ "Digilent JTAG-HS1 210249857699"} -index 0
con
----------------End of Script----------------

00:40:46 INFO  : Launch script is exported to file 'E:\github_repo\ZYNQ_PLPS_LOOP\vivado_project\zynq_pl_acc_demo\zynq_pl_acc_demo.sdk\.sdk\launch_scripts\xilinx_c-c++_application_(system_debugger)\system_debugger_using_debug_test.elf_on_local.tcl'
00:46:09 INFO  : Disconnected from the channel tcfchan#1.
